<?xml version="1.0" encoding="UTF-8"?>
<!-- Generated by org.testng.reporters.JUnitXMLReporter -->
<testsuite ignored="2" hostname="Asus" failures="0" tests="0" time="0.028" errors="0" timestamp="2023-07-19T12:41:05 IST">
  <testcase classname="packagestandalonetest.Error_Validation_Test" name="Product_Validation" time="0.0">
    <ignored/>
  </testcase> <!-- Product_Validation -->
  <testcase classname="packagestandalonetest.Error_Validation_Test" name="LoginErrorValidation" time="0.0">
    <ignored/>
  </testcase> <!-- LoginErrorValidation -->
</testsuite>
