<?xml version="1.0" encoding="UTF-8"?>
<!-- Generated by org.testng.reporters.JUnitXMLReporter -->
<testsuite ignored="1" hostname="Asus" failures="0" tests="1" name="Product_Validation_Test" time="13.442" errors="0" timestamp="2023-07-18T15:00:56 IST">
  <testcase classname="packagestandalonetest.Error_Validation_Test" name="LoginErrorValidation" time="1.053"/>
  <testcase classname="packagestandalonetest.Error_Validation_Test" name="Product_Validation" time="0.0">
    <ignored/>
  </testcase> <!-- Product_Validation -->
</testsuite> <!-- Product_Validation_Test -->
