<?xml version="1.0" encoding="UTF-8"?>
<!-- Generated by org.testng.reporters.JUnitXMLReporter -->
<testsuite ignored="1" hostname="Asus" failures="1" tests="2" name="Submit_Order_Test" time="30.525" errors="0" timestamp="2023-07-19T12:41:36 IST">
  <testcase classname="packagestandalonetest.Submit_Order_Test" name="submitOrder" time="16.573"/>
  <testcase classname="packagestandalonetest.Submit_Order_Test" name="submitOrder" time="1.544">
    <failure type="java.lang.NullPointerException" message="Cannot invoke &amp;quot;org.openqa.selenium.WebElement.findElement(org.openqa.selenium.By)&amp;quot; because &amp;quot;prod&amp;quot; is null">
      <![CDATA[java.lang.NullPointerException: Cannot invoke "org.openqa.selenium.WebElement.findElement(org.openqa.selenium.By)" because "prod" is null
at page_object_model.Product_Catalog.addProducttoCart(Product_Catalog.java:61)
at packagestandalonetest.Submit_Order_Test.submitOrder(Submit_Order_Test.java:25)
at java.base/java.util.ArrayList.forEach(ArrayList.java:1511)
at java.base/java.util.concurrent.FutureTask.run(FutureTask.java:317)
at java.base/java.util.concurrent.ThreadPoolExecutor.runWorker(ThreadPoolExecutor.java:1144)
at java.base/java.util.concurrent.ThreadPoolExecutor$Worker.run(ThreadPoolExecutor.java:642)
at java.base/java.lang.Thread.run(Thread.java:1589)
... Removed 15 stack frames]]>
    </failure>
  </testcase> <!-- submitOrder -->
  <testcase classname="packagestandalonetest.Submit_Order_Test" name="OrderHistory" time="0.0">
    <ignored/>
  </testcase> <!-- OrderHistory -->
</testsuite> <!-- Submit_Order_Test -->
