<?xml version="1.0" encoding="UTF-8"?>
<!-- Generated by org.testng.reporters.JUnitXMLReporter -->
<testsuite ignored="2" hostname="Asus" failures="0" tests="0" time="0.035" errors="0" timestamp="2023-07-18T15:00:42 IST">
  <testcase classname="packagestandalonetest.Submit_Order_Test" name="OrderHistory" time="0.0">
    <ignored/>
  </testcase> <!-- OrderHistory -->
  <testcase classname="packagestandalonetest.Submit_Order_Test" name="submitOrder" time="0.0">
    <ignored/>
  </testcase> <!-- submitOrder -->
</testsuite>
